2019-12-05 17:23:43.4838 INFO "COM3runstart"
2019-12-05 17:23:43.4947 INFO "COM3run2"
2019-12-05 17:23:43.5027 INFO "COM3run3"
2019-12-05 17:23:43.5466 INFO "COM3run4"
2019-12-05 17:23:43.5526 INFO "COM3run5"
2019-12-05 17:23:43.5526 INFO "COM3runend"
2019-12-05 17:24:05.1836 INFO "COM3runstart"
2019-12-05 17:24:05.1836 INFO "COM3run2"
2019-12-05 17:24:05.1926 INFO "COM3run3"
2019-12-05 17:24:05.1926 INFO "COM3run4"
2019-12-05 17:24:05.1926 INFO "COM3run5"
2019-12-05 17:24:05.2095 INFO "COM3TaskRunstart"
2019-12-05 17:24:06.3275 INFO {"Type":null,"PortName":"COM3","Sn":"","Token":"0jzA4peFNbeKJxqV","Message":"进入产测模式","Result":true}
2019-12-05 17:24:17.5466 INFO {"Type":null,"PortName":"COM3","Sn":"","Token":"0jzA4peFNbeKJxqV","Message":"升级中:固件无返回信息","Result":false}
2019-12-05 17:24:44.0448 INFO "COM3runstart"
2019-12-05 17:24:44.0448 INFO "COM3run2"
2019-12-05 17:24:44.0538 INFO "COM3run3"
2019-12-05 17:24:44.0538 INFO "COM3run4"
2019-12-05 17:24:44.0538 INFO "COM3run5"
2019-12-05 17:24:44.0538 INFO "COM3TaskRunstart"
2019-12-05 17:24:47.1127 INFO {"Type":null,"PortName":"COM3","Sn":"","Token":"0jzA4peFNbeKJxqV","Message":"进入产测模式","Result":true}
2019-12-05 17:24:58.7043 INFO {"Type":null,"PortName":"COM3","Sn":"","Token":"0jzA4peFNbeKJxqV","Message":"升级中:固件无返回信息","Result":false}
2019-12-05 17:25:49.7909 INFO "COM3runstart"
2019-12-05 17:25:49.7909 INFO "COM3run2"
2019-12-05 17:25:49.7999 INFO "COM3run3"
2019-12-05 17:25:49.7999 INFO "COM3run4"
2019-12-05 17:25:49.7999 INFO "COM3run5"
2019-12-05 17:25:49.8148 INFO "COM3TaskRunstart"
2019-12-05 17:25:51.1642 INFO {"Type":null,"PortName":"COM3","Sn":"","Token":"0jzA4peFNbeKJxqV","Message":"进入产测模式","Result":true}
2019-12-05 17:26:02.7025 INFO {"Type":null,"PortName":"COM3","Sn":"","Token":"0jzA4peFNbeKJxqV","Message":"升级中:固件无返回信息","Result":false}
2019-12-05 17:26:41.7991 INFO "COM3runstart"
2019-12-05 17:26:41.7991 INFO "COM3run2"
2019-12-05 17:26:41.7991 INFO "COM3run3"
2019-12-05 17:26:41.8159 INFO "COM3run4"
2019-12-05 17:26:41.8159 INFO "COM3run5"
2019-12-05 17:26:41.8159 INFO "COM3TaskRunstart"
2019-12-05 17:26:42.7955 INFO {"Type":null,"PortName":"COM3","Sn":"","Token":"Mbfx7tBnyjcK967P","Message":"进入产测模式","Result":true}
2019-12-05 17:26:54.1231 INFO {"Type":null,"PortName":"COM3","Sn":"","Token":"Mbfx7tBnyjcK967P","Message":"升级中:固件无返回信息","Result":false}
2019-12-05 17:26:56.9672 INFO "COM3runstart"
2019-12-05 17:26:56.9672 INFO "COM3run2"
2019-12-05 17:26:56.9772 INFO "COM3run3"
2019-12-05 17:26:56.9772 INFO "COM3run4"
2019-12-05 17:26:56.9952 INFO "COM3run5"
2019-12-05 17:26:56.9952 INFO "COM3TaskRunstart"
2019-12-05 17:26:58.4950 INFO {"Type":null,"PortName":"COM3","Sn":"","Token":"Mbfx7tBnyjcK967P","Message":"进入产测模式","Result":true}
2019-12-05 17:27:09.8701 INFO {"Type":null,"PortName":"COM3","Sn":"","Token":"Mbfx7tBnyjcK967P","Message":"升级中:固件无返回信息","Result":false}
2019-12-05 17:27:58.8435 INFO "COM3runstart"
2019-12-05 17:27:58.8544 INFO "COM3run2"
2019-12-05 17:27:58.8624 INFO "COM3run3"
2019-12-05 17:27:58.9063 INFO "COM3run4"
2019-12-05 17:27:58.9143 INFO "COM3run5"
2019-12-05 17:27:58.9143 INFO "COM3TaskRunstart"
2019-12-05 17:28:01.2922 INFO {"Type":null,"PortName":"COM3","Sn":"","Token":"Mbfx7tBnyjcK967P","Message":"进入产测模式","Result":true}
2019-12-05 17:28:12.7392 INFO {"Type":null,"PortName":"COM3","Sn":"","Token":"Mbfx7tBnyjcK967P","Message":"升级中:固件无返回信息","Result":false}
2019-12-05 17:28:42.6540 INFO "COM3runstart"
2019-12-05 17:28:42.6649 INFO "COM3run2"
2019-12-05 17:28:42.6649 INFO "COM3run3"
2019-12-05 17:28:42.7178 INFO "COM3run4"
2019-12-05 17:28:42.7248 INFO "COM3run5"
2019-12-05 17:28:42.7248 INFO "COM3TaskRunstart"
2019-12-05 17:28:44.8827 INFO {"Type":null,"PortName":"COM3","Sn":"","Token":"Mbfx7tBnyjcK967P","Message":"进入产测模式","Result":true}
2019-12-05 17:28:56.2830 INFO {"Type":null,"PortName":"COM3","Sn":"","Token":"Mbfx7tBnyjcK967P","Message":"升级中:固件无返回信息","Result":false}
2019-12-05 17:30:07.2773 INFO "COM3runstart"
2019-12-05 17:30:07.2773 INFO "COM3run2"
2019-12-05 17:30:07.2863 INFO "COM3run3"
2019-12-05 17:30:07.2863 INFO "COM3run4"
2019-12-05 17:30:07.2863 INFO "COM3run5"
2019-12-05 17:30:07.2863 INFO "COM3TaskRunstart"
2019-12-05 17:30:13.1633 INFO {"Type":null,"PortName":"COM3","Sn":"","Token":"Mbfx7tBnyjcK967P","Message":"进入产测模式","Result":true}
2019-12-05 17:30:24.5459 INFO {"Type":null,"PortName":"COM3","Sn":"","Token":"Mbfx7tBnyjcK967P","Message":"升级中:固件无返回信息","Result":false}
2019-12-05 17:30:29.7779 INFO "COM3runstart"
2019-12-05 17:30:29.7779 INFO "COM3run2"
2019-12-05 17:30:29.7869 INFO "COM3run3"
2019-12-05 17:30:29.7869 INFO "COM3run4"
2019-12-05 17:30:29.7869 INFO "COM3run5"
2019-12-05 17:30:29.7869 INFO "COM3TaskRunstart"
2019-12-05 17:30:31.9785 INFO {"Type":null,"PortName":"COM3","Sn":"","Token":"Mbfx7tBnyjcK967P","Message":"进入产测模式","Result":true}
2019-12-05 17:30:43.2514 INFO {"Type":null,"PortName":"COM3","Sn":"","Token":"Mbfx7tBnyjcK967P","Message":"升级中:固件无返回信息","Result":false}
2019-12-05 17:37:41.7305 INFO "COM3runstart"
2019-12-05 17:37:41.7305 INFO "COM3run2"
2019-12-05 17:37:41.7394 INFO "COM3run3"
2019-12-05 17:37:41.7394 INFO "COM3run4"
2019-12-05 17:37:41.7394 INFO "COM3run5"
2019-12-05 17:37:41.7524 INFO "COM3TaskRunstart"
2019-12-05 17:37:42.9617 INFO {"Type":null,"PortName":"COM3","Sn":"","Token":"Mbfx7tBnyjcK967P","Message":"进入产测模式","Result":true}
2019-12-05 17:37:57.4825 INFO {"Type":null,"PortName":"COM3","Sn":"","Token":"Mbfx7tBnyjcK967P","Message":"复位成功","Result":true}
2019-12-05 17:38:03.1018 INFO {"Type":null,"PortName":"COM3","Sn":"","Token":"Mbfx7tBnyjcK967P","Message":"进入产测模式","Result":true}
2019-12-05 17:38:03.2288 INFO {"Type":null,"PortName":"COM3","Sn":"","Token":"Mbfx7tBnyjcK967P","Message":"固件指纹匹配成功","Result":true}
2019-12-05 17:38:03.3674 INFO {"Type":null,"PortName":"COM3","Sn":"","Token":"Mbfx7tBnyjcK967P","Message":"获取Mac成功:68572d4678a3","Result":true}
2019-12-05 17:38:03.6269 INFO {"Type":null,"PortName":"COM3","Sn":"","Token":"Mbfx7tBnyjcK967P","Message":"获取key成功","Result":true}
2019-12-05 17:38:04.0336 INFO {"Type":null,"PortName":"COM3","Sn":"","Token":"Mbfx7tBnyjcK967P","Message":"写入配置信息成功","Result":true}
2019-12-05 17:38:04.5090 INFO {"Type":null,"PortName":"COM3","Sn":"","Token":"Mbfx7tBnyjcK967P","Message":"进入产测模式","Result":true}
2019-12-05 17:38:04.7184 INFO {"Type":null,"PortName":"COM3","Sn":"","Token":"Mbfx7tBnyjcK967P","Message":"读取配置成功","Result":true}
2019-12-05 17:38:04.8640 INFO {"Type":null,"PortName":"COM3","Sn":"","Token":"Mbfx7tBnyjcK967P","Message":"获取Mac成功:68572d4678a3","Result":true}
2019-12-05 17:38:09.2933 INFO "COM3runstart"
2019-12-05 17:38:09.2933 INFO "COM3run2"
2019-12-05 17:38:09.3033 INFO "COM3run3"
2019-12-05 17:38:09.3033 INFO "COM3run4"
2019-12-05 17:38:09.3033 INFO "COM3run5"
2019-12-05 17:38:09.3143 INFO "COM3TaskRunstart"
2019-12-05 17:38:09.4459 INFO {"Type":null,"PortName":"COM3","Sn":"","Token":"Mbfx7tBnyjcK967P","Message":"进入产测模式","Result":true}
2019-12-05 17:38:25.9943 INFO {"Type":null,"PortName":"COM3","Sn":"","Token":"Mbfx7tBnyjcK967P","Message":"发送开始升级:固件无返回信息","Result":false}
2019-12-05 17:38:30.2309 INFO "COM3runstart"
2019-12-05 17:38:30.2309 INFO "COM3run2"
2019-12-05 17:38:30.2409 INFO "COM3run3"
2019-12-05 17:38:30.2409 INFO "COM3run4"
2019-12-05 17:38:30.2409 INFO "COM3run5"
2019-12-05 17:38:30.2568 INFO "COM3TaskRunstart"
2019-12-05 17:38:31.2375 INFO {"Type":null,"PortName":"COM3","Sn":"","Token":"Mbfx7tBnyjcK967P","Message":"进入产测模式","Result":true}
2019-12-05 17:38:45.9099 INFO {"Type":null,"PortName":"COM3","Sn":"","Token":"Mbfx7tBnyjcK967P","Message":"复位成功","Result":true}
2019-12-05 17:38:51.5685 INFO {"Type":null,"PortName":"COM3","Sn":"","Token":"Mbfx7tBnyjcK967P","Message":"进入产测模式","Result":true}
2019-12-05 17:38:51.7912 INFO {"Type":null,"PortName":"COM3","Sn":"","Token":"Mbfx7tBnyjcK967P","Message":"固件指纹匹配成功","Result":true}
2019-12-05 17:38:51.9209 INFO {"Type":null,"PortName":"COM3","Sn":"","Token":"Mbfx7tBnyjcK967P","Message":"获取Mac成功:68572d4678a3","Result":true}
2019-12-05 17:38:52.1485 INFO {"Type":null,"PortName":"COM3","Sn":"","Token":"Mbfx7tBnyjcK967P","Message":"获取key成功","Result":true}
2019-12-05 17:38:52.5393 INFO {"Type":null,"PortName":"COM3","Sn":"","Token":"Mbfx7tBnyjcK967P","Message":"写入配置信息成功","Result":true}
2019-12-05 17:38:52.9984 INFO {"Type":null,"PortName":"COM3","Sn":"","Token":"Mbfx7tBnyjcK967P","Message":"进入产测模式","Result":true}
2019-12-05 17:38:53.2443 INFO {"Type":null,"PortName":"COM3","Sn":"","Token":"Mbfx7tBnyjcK967P","Message":"读取配置成功","Result":true}
2019-12-05 17:38:53.3705 INFO {"Type":null,"PortName":"COM3","Sn":"","Token":"Mbfx7tBnyjcK967P","Message":"获取Mac成功:68572d4678a3","Result":true}
2019-12-05 17:39:01.6846 INFO "COM3runstart"
2019-12-05 17:39:01.6846 INFO "COM3run2"
2019-12-05 17:39:01.6946 INFO "COM3run3"
2019-12-05 17:39:01.6946 INFO "COM3run4"
2019-12-05 17:39:01.7294 INFO "COM3run5"
2019-12-05 17:39:01.7294 INFO "COM3TaskRunstart"
2019-12-05 17:39:01.8232 INFO {"Type":null,"PortName":"COM3","Sn":"","Token":"Mbfx7tBnyjcK967P","Message":"进入产测模式","Result":true}
2019-12-05 17:39:18.3861 INFO {"Type":null,"PortName":"COM3","Sn":"","Token":"Mbfx7tBnyjcK967P","Message":"发送开始升级:固件无返回信息","Result":false}
2019-12-05 17:39:20.8476 INFO "COM3runstart"
2019-12-05 17:39:20.8476 INFO "COM3run2"
2019-12-05 17:39:20.8476 INFO "COM3run3"
2019-12-05 17:39:20.8635 INFO "COM3run4"
2019-12-05 17:39:20.8635 INFO "COM3run5"
2019-12-05 17:39:20.8635 INFO "COM3TaskRunstart"
2019-12-05 17:39:21.6201 INFO {"Type":null,"PortName":"COM3","Sn":"","Token":"Mbfx7tBnyjcK967P","Message":"进入产测模式","Result":true}
2019-12-05 17:39:36.1459 INFO {"Type":null,"PortName":"COM3","Sn":"","Token":"Mbfx7tBnyjcK967P","Message":"复位成功","Result":true}
2019-12-05 17:39:41.7921 INFO {"Type":null,"PortName":"COM3","Sn":"","Token":"Mbfx7tBnyjcK967P","Message":"进入产测模式","Result":true}
2019-12-05 17:39:42.0113 INFO {"Type":null,"PortName":"COM3","Sn":"","Token":"Mbfx7tBnyjcK967P","Message":"固件指纹匹配成功","Result":true}
2019-12-05 17:39:42.1360 INFO {"Type":null,"PortName":"COM3","Sn":"","Token":"Mbfx7tBnyjcK967P","Message":"获取Mac成功:68572d4678a3","Result":true}
2019-12-05 17:39:42.3647 INFO {"Type":null,"PortName":"COM3","Sn":"","Token":"Mbfx7tBnyjcK967P","Message":"获取key成功","Result":true}
2019-12-05 17:39:42.7565 INFO {"Type":null,"PortName":"COM3","Sn":"","Token":"Mbfx7tBnyjcK967P","Message":"写入配置信息成功","Result":true}
2019-12-05 17:39:43.1966 INFO {"Type":null,"PortName":"COM3","Sn":"","Token":"Mbfx7tBnyjcK967P","Message":"进入产测模式","Result":true}
2019-12-05 17:39:43.4022 INFO {"Type":null,"PortName":"COM3","Sn":"","Token":"Mbfx7tBnyjcK967P","Message":"读取配置成功","Result":true}
2019-12-05 17:39:43.5299 INFO {"Type":null,"PortName":"COM3","Sn":"","Token":"Mbfx7tBnyjcK967P","Message":"获取Mac成功:68572d4678a3","Result":true}
2019-12-05 17:40:09.2634 INFO "COM3runstart"
2019-12-05 17:40:09.2634 INFO "COM3run2"
2019-12-05 17:40:09.2733 INFO "COM3run3"
2019-12-05 17:40:09.2733 INFO "COM3run4"
2019-12-05 17:40:09.2883 INFO "COM3run5"
2019-12-05 17:40:09.2883 INFO "COM3TaskRunstart"
2019-12-05 17:40:09.4189 INFO {"Type":null,"PortName":"COM3","Sn":"","Token":"Mbfx7tBnyjcK967P","Message":"进入产测模式","Result":true}
2019-12-05 17:40:24.3644 INFO {"Type":null,"PortName":"COM3","Sn":"","Token":"Mbfx7tBnyjcK967P","Message":"复位成功","Result":true}
2019-12-05 17:40:29.9936 INFO {"Type":null,"PortName":"COM3","Sn":"","Token":"Mbfx7tBnyjcK967P","Message":"进入产测模式","Result":true}
2019-12-05 17:40:30.2106 INFO {"Type":null,"PortName":"COM3","Sn":"","Token":"Mbfx7tBnyjcK967P","Message":"固件指纹匹配成功","Result":true}
2019-12-05 17:40:30.3572 INFO {"Type":null,"PortName":"COM3","Sn":"","Token":"Mbfx7tBnyjcK967P","Message":"获取Mac成功:68572d4678a3","Result":true}
2019-12-05 17:40:30.5557 INFO {"Type":null,"PortName":"COM3","Sn":"","Token":"Mbfx7tBnyjcK967P","Message":"获取key成功","Result":true}
2019-12-05 17:40:30.9453 INFO {"Type":null,"PortName":"COM3","Sn":"","Token":"Mbfx7tBnyjcK967P","Message":"写入配置信息成功","Result":true}
2019-12-05 17:40:31.4042 INFO {"Type":null,"PortName":"COM3","Sn":"","Token":"Mbfx7tBnyjcK967P","Message":"进入产测模式","Result":true}
2019-12-05 17:40:31.6136 INFO {"Type":null,"PortName":"COM3","Sn":"","Token":"Mbfx7tBnyjcK967P","Message":"读取配置成功","Result":true}
2019-12-05 17:40:31.7370 INFO {"Type":null,"PortName":"COM3","Sn":"","Token":"Mbfx7tBnyjcK967P","Message":"获取Mac成功:68572d4678a3","Result":true}
2019-12-05 17:46:49.0700 INFO "COM3runstart"
2019-12-05 17:46:49.0719 INFO "COM3run2"
2019-12-05 17:46:49.0719 INFO "COM3run3"
2019-12-05 17:46:49.1238 INFO "COM3run4"
2019-12-05 17:46:49.1238 INFO "COM3run5"
2019-12-05 17:46:49.1238 INFO "COM3TaskRunstart"
2019-12-05 17:46:58.3894 INFO {"Type":null,"PortName":"COM3","Sn":"","Token":"Mbfx7tBnyjcK967P","Message":"进入产测模式失败,发送信息固件无返回","Result":false}
2019-12-05 17:47:00.6636 INFO "COM42runstart"
2019-12-05 17:47:00.6636 INFO "COM42run2"
2019-12-05 17:47:00.6726 INFO "COM42run3"
2019-12-05 17:47:00.7187 INFO "COM42run4"
2019-12-05 17:47:00.7187 INFO "COM42run5"
2019-12-05 17:47:00.7187 INFO "COM42TaskRunstart"
2019-12-05 17:47:02.4308 INFO {"Type":null,"PortName":"COM42","Sn":"","Token":"Mbfx7tBnyjcK967P","Message":"进入产测模式","Result":true}
2019-12-05 17:47:13.6829 INFO {"Type":null,"PortName":"COM42","Sn":"","Token":"Mbfx7tBnyjcK967P","Message":"升级中:固件无返回信息","Result":false}
2019-12-05 17:47:17.5709 INFO "COM42runstart"
2019-12-05 17:47:17.5729 INFO "COM42run2"
2019-12-05 17:47:17.5729 INFO "COM42run3"
2019-12-05 17:47:17.5878 INFO "COM42run4"
2019-12-05 17:47:17.5878 INFO "COM42run5"
2019-12-05 17:47:17.5878 INFO "COM42TaskRunstart"
2019-12-05 17:47:21.5282 INFO {"Type":null,"PortName":"COM42","Sn":"","Token":"Mbfx7tBnyjcK967P","Message":"进入产测模式","Result":true}
2019-12-05 17:47:32.9462 INFO {"Type":null,"PortName":"COM42","Sn":"","Token":"Mbfx7tBnyjcK967P","Message":"升级中:固件无返回信息","Result":false}
2019-12-05 18:21:18.9265 INFO "COM42runstart"
2019-12-05 18:21:18.9265 INFO "COM42run2"
2019-12-05 18:21:18.9355 INFO "COM42run3"
2019-12-05 18:21:23.5050 INFO "COM42runstart"
2019-12-05 18:21:23.5050 INFO "COM42run2"
2019-12-05 18:21:23.5150 INFO "COM42run3"
2019-12-05 18:21:23.5150 INFO "COM42run4"
2019-12-05 18:21:23.5150 INFO "COM42run5"
2019-12-05 18:21:23.5259 INFO "COM42TaskRunstart"
2019-12-05 18:21:26.1227 INFO {"Type":null,"PortName":"COM42","Sn":"","Token":"Mbfx7tBnyjcK967P","Message":"进入产测模式","Result":true}
2019-12-05 18:21:37.4823 INFO {"Type":null,"PortName":"COM42","Sn":"","Token":"Mbfx7tBnyjcK967P","Message":"升级中:固件无返回信息","Result":false}
2019-12-05 18:21:42.3476 INFO "COM42runstart"
2019-12-05 18:21:42.3476 INFO "COM42run2"
2019-12-05 18:21:42.3576 INFO "COM42run3"
2019-12-05 18:21:42.3576 INFO "COM42run4"
2019-12-05 18:21:42.3695 INFO "COM42run5"
2019-12-05 18:21:42.3695 INFO "COM42TaskRunstart"
2019-12-05 18:21:44.6060 INFO {"Type":null,"PortName":"COM42","Sn":"","Token":"Mbfx7tBnyjcK967P","Message":"进入产测模式","Result":true}
2019-12-05 18:21:55.9052 INFO {"Type":null,"PortName":"COM42","Sn":"","Token":"Mbfx7tBnyjcK967P","Message":"升级中:固件无返回信息","Result":false}
