2019-12-03 10:49:40.7017 INFO "COM3runstart"
2019-12-03 10:49:40.7127 INFO "COM3run2"
2019-12-03 10:49:40.7207 INFO "COM3run3"
2019-12-03 10:49:40.7645 INFO "COM3run4"
2019-12-03 10:49:40.7705 INFO "COM3run5"
2019-12-03 10:49:40.7705 INFO "COM3runend"
2019-12-03 10:49:42.0538 INFO "COM3run进入SerilaChange"
2019-12-03 10:49:42.0538 INFO "COM3runSerilaChange:dsr 1"
2019-12-03 10:49:42.0538 INFO "COM3TaskRunstart"
2019-12-03 10:50:12.6327 INFO {"Type":null,"PortName":"COM3","Sn":"","Token":"N3A2vCCper0tfYA3","Message":"固件指纹匹配成功","Result":true}
2019-12-03 10:50:13.2568 INFO {"Type":null,"PortName":"COM3","Sn":"","Token":"N3A2vCCper0tfYA3","Message":"写入hid成功","Result":true}
2019-12-03 10:50:13.4018 INFO {"Type":null,"PortName":"COM3","Sn":"","Token":"N3A2vCCper0tfYA3","Message":"获取key成功","Result":true}
2019-12-03 10:50:13.7997 INFO {"Type":null,"PortName":"COM3","Sn":"","Token":"N3A2vCCper0tfYA3","Message":"写入配置信息成功","Result":true}
2019-12-03 10:50:14.1139 INFO {"Type":null,"PortName":"COM3","Sn":"","Token":"N3A2vCCper0tfYA3","Message":"复位成功","Result":true}
2019-12-03 10:50:15.0320 INFO {"Type":null,"PortName":"COM3","Sn":"","Token":"N3A2vCCper0tfYA3","Message":"读取配置成功","Result":true}
2019-12-03 10:50:17.1150 INFO "COM3run进入SerilaChange"
2019-12-03 10:50:17.1150 INFO "COM3runSerilaChange:dsr 0"
2019-12-03 10:50:18.4031 INFO "COM3run进入SerilaChange"
2019-12-03 10:50:18.4031 INFO "COM3runSerilaChange:dsr 1"
2019-12-03 10:50:18.4031 INFO "COM3TaskRunstart"
2019-12-03 10:50:28.5360 INFO {"Type":null,"PortName":"COM3","Sn":"","Token":"N3A2vCCper0tfYA3","Message":"固件指纹匹配成功","Result":true}
2019-12-03 10:50:29.2078 INFO {"Type":null,"PortName":"COM3","Sn":"","Token":"N3A2vCCper0tfYA3","Message":"写入hid成功","Result":true}
2019-12-03 10:50:29.2941 INFO {"Type":null,"PortName":"COM3","Sn":"","Token":"N3A2vCCper0tfYA3","Message":"获取key成功","Result":true}
2019-12-03 10:50:29.7159 INFO {"Type":null,"PortName":"COM3","Sn":"","Token":"N3A2vCCper0tfYA3","Message":"写入配置信息成功","Result":true}
2019-12-03 10:50:30.0280 INFO {"Type":null,"PortName":"COM3","Sn":"","Token":"N3A2vCCper0tfYA3","Message":"复位成功","Result":true}
2019-12-03 10:50:30.9576 INFO {"Type":null,"PortName":"COM3","Sn":"","Token":"N3A2vCCper0tfYA3","Message":"读取配置成功","Result":true}
2019-12-03 10:54:04.5270 INFO "COM3runstart"
2019-12-03 10:54:04.5270 INFO "COM3run2"
2019-12-03 10:54:04.5360 INFO "COM3run3"
2019-12-03 10:54:07.9957 INFO "COM3runstart"
2019-12-03 10:54:07.9957 INFO "COM3run2"
2019-12-03 10:54:08.0056 INFO "COM3run3"
2019-12-03 10:54:08.9485 INFO "COM3runstart"
2019-12-03 10:54:08.9485 INFO "COM3run2"
2019-12-03 10:54:08.9574 INFO "COM3run3"
2019-12-03 10:54:09.6698 INFO "COM3runstart"
2019-12-03 10:54:09.6698 INFO "COM3run2"
2019-12-03 10:54:09.6785 INFO "COM3run3"
2019-12-03 10:54:10.9830 INFO "COM3runstart"
2019-12-03 10:54:10.9830 INFO "COM3run2"
2019-12-03 10:54:10.9917 INFO "COM3run3"
2019-12-03 10:54:12.3254 INFO "COM3runstart"
2019-12-03 10:54:12.3254 INFO "COM3run2"
2019-12-03 10:54:12.3341 INFO "COM3run3"
2019-12-03 10:54:13.4170 INFO "COM3runstart"
2019-12-03 10:54:13.4170 INFO "COM3run2"
2019-12-03 10:54:13.4260 INFO "COM3run3"
2019-12-03 10:54:14.3873 INFO "COM3runstart"
2019-12-03 10:54:14.3873 INFO "COM3run2"
2019-12-03 10:54:14.3962 INFO "COM3run3"
2019-12-03 10:54:15.5755 INFO "COM3runstart"
2019-12-03 10:54:15.5755 INFO "COM3run2"
2019-12-03 10:54:15.5845 INFO "COM3run3"
