2019-11-25 15:54:02.2365 INFO "COM3runstart"
2019-11-25 15:54:02.2365 INFO "COM3run2"
2019-11-25 15:54:02.2574 INFO "COM3run3"
2019-11-25 15:54:02.3053 INFO "COM3run4"
2019-11-25 15:54:02.3143 INFO "COM3run5"
2019-11-25 15:54:02.3143 INFO "COM3TaskRunstart"
2019-11-25 15:54:13.5313 INFO {"Type":null,"PortName":"COM3","Sn":"","Token":"XZGf6QMEMkfspKGp","Message":"进入产测模式失败,发送信息固件无返回","Result":false}
2019-11-25 15:54:15.7016 INFO "COM3runstart"
2019-11-25 15:54:15.7016 INFO "COM3run2"
2019-11-25 15:54:15.7106 INFO "COM3run3"
2019-11-25 15:54:15.7106 INFO "COM3run4"
2019-11-25 15:54:15.7255 INFO "COM3run5"
2019-11-25 15:54:15.7255 INFO "COM3TaskRunstart"
2019-11-25 15:54:19.9259 INFO {"Type":null,"PortName":"COM3","Sn":"","Token":"XZGf6QMEMkfspKGp","Message":"固件指纹匹配成功","Result":true}
2019-11-25 15:54:19.9932 INFO {"Type":null,"PortName":"COM3","Sn":"","Token":"XZGf6QMEMkfspKGp","Message":"获取Mac成功086bd7fffed04f01","Result":true}
2019-11-25 15:54:23.5708 INFO {"Type":null,"PortName":"COM3","Sn":"","Token":"XZGf6QMEMkfspKGp","Message":"写入Pid成功","Result":true}
2019-11-25 15:54:23.9739 INFO {"Type":null,"PortName":"COM3","Sn":"","Token":"XZGf6QMEMkfspKGp","Message":"获取key成功","Result":true}
2019-11-25 15:54:24.9891 INFO {"Type":null,"PortName":"COM3","Sn":"","Token":"XZGf6QMEMkfspKGp","Message":"写入Auzkey成功","Result":true}
2019-11-25 15:54:25.5541 INFO {"Type":null,"PortName":"COM3","Sn":"","Token":"XZGf6QMEMkfspKGp","Message":"读取Pid成功","Result":true}
2019-11-25 15:54:25.7160 INFO {"Type":null,"PortName":"COM3","Sn":"","Token":"XZGf6QMEMkfspKGp","Message":"获取固件签名成功","Result":true}
2019-11-25 15:54:26.7323 INFO {"Type":null,"PortName":"COM3","Sn":"","Token":"XZGf6QMEMkfspKGp","Message":"写入固件签名成功","Result":true}
2019-11-25 15:54:27.7526 INFO {"Type":null,"PortName":"COM3","Sn":"","Token":"XZGf6QMEMkfspKGp","Message":"读取Auzkey成功","Result":true}
2019-11-25 15:55:00.8698 INFO "COM3runstart"
2019-11-25 15:55:00.8698 INFO "COM3run2"
2019-11-25 15:55:00.8788 INFO "COM3run3"
2019-11-25 15:55:00.8788 INFO "COM3run4"
2019-11-25 15:55:00.8788 INFO "COM3run5"
2019-11-25 15:55:00.8918 INFO "COM3TaskRunstart"
2019-11-25 15:55:04.8821 INFO {"Type":null,"PortName":"COM3","Sn":"","Token":"XZGf6QMEMkfspKGp","Message":"固件指纹匹配成功","Result":true}
2019-11-25 15:55:04.9429 INFO {"Type":null,"PortName":"COM3","Sn":"","Token":"XZGf6QMEMkfspKGp","Message":"获取Mac成功086bd7fffed04f01","Result":true}
2019-11-25 15:55:05.9546 INFO {"Type":null,"PortName":"COM3","Sn":"","Token":"XZGf6QMEMkfspKGp","Message":"写入Pid成功","Result":true}
2019-11-25 15:55:06.3657 INFO {"Type":null,"PortName":"COM3","Sn":"","Token":"XZGf6QMEMkfspKGp","Message":"获取key成功","Result":true}
2019-11-25 15:55:07.3765 INFO {"Type":null,"PortName":"COM3","Sn":"","Token":"XZGf6QMEMkfspKGp","Message":"写入Auzkey成功","Result":true}
2019-11-25 15:55:07.9332 INFO {"Type":null,"PortName":"COM3","Sn":"","Token":"XZGf6QMEMkfspKGp","Message":"读取Pid成功","Result":true}
2019-11-25 15:55:08.0407 INFO {"Type":null,"PortName":"COM3","Sn":"","Token":"XZGf6QMEMkfspKGp","Message":"获取固件签名成功","Result":true}
2019-11-25 15:55:09.0504 INFO {"Type":null,"PortName":"COM3","Sn":"","Token":"XZGf6QMEMkfspKGp","Message":"写入固件签名成功","Result":true}
2019-11-25 15:55:10.0614 INFO {"Type":null,"PortName":"COM3","Sn":"","Token":"XZGf6QMEMkfspKGp","Message":"读取Auzkey成功","Result":true}
2019-11-25 16:07:46.0006 INFO "COM3runstart"
2019-11-25 16:07:46.0125 INFO "COM3run2"
2019-11-25 16:07:46.0195 INFO "COM3run3"
2019-11-25 16:07:46.0654 INFO "COM3run4"
2019-11-25 16:07:46.0654 INFO "COM3run5"
2019-11-25 16:07:46.0654 INFO "COM3TaskRunstart"
2019-11-25 16:07:46.4795 INFO {"Type":null,"PortName":"COM3","Sn":"","Token":"XZGf6QMEMkfspKGp","Message":"固件指纹匹配成功","Result":true}
2019-11-25 16:07:46.5503 INFO {"Type":null,"PortName":"COM3","Sn":"","Token":"XZGf6QMEMkfspKGp","Message":"获取Mac成功086bd7fffed04f01","Result":true}
2019-11-25 16:07:46.8722 INFO {"Type":null,"PortName":"COM3","Sn":"","Token":"XZGf6QMEMkfspKGp","Message":"读取Pid成功","Result":true}
2019-11-25 16:07:47.8904 INFO {"Type":null,"PortName":"COM3","Sn":"","Token":"XZGf6QMEMkfspKGp","Message":"读取Auzkey成功","Result":true}
2019-11-25 16:08:09.3071 INFO "COM3runstart"
2019-11-25 16:08:09.3071 INFO "COM3run2"
2019-11-25 16:08:09.3160 INFO "COM3run3"
2019-11-25 16:08:09.3160 INFO "COM3run4"
2019-11-25 16:08:09.3160 INFO "COM3run5"
2019-11-25 16:08:09.3160 INFO "COM3TaskRunstart"
2019-11-25 16:08:09.9913 INFO {"Type":null,"PortName":"COM3","Sn":"","Token":"XZGf6QMEMkfspKGp","Message":"固件指纹匹配成功","Result":true}
2019-11-25 16:08:10.0521 INFO {"Type":null,"PortName":"COM3","Sn":"","Token":"XZGf6QMEMkfspKGp","Message":"获取Mac成功086bd7fffed04f01","Result":true}
2019-11-25 16:08:10.4092 INFO {"Type":null,"PortName":"COM3","Sn":"","Token":"XZGf6QMEMkfspKGp","Message":"读取Pid成功","Result":true}
2019-11-25 16:08:11.4207 INFO {"Type":null,"PortName":"COM3","Sn":"","Token":"XZGf6QMEMkfspKGp","Message":"读取Auzkey成功","Result":true}
2019-11-25 16:08:43.7921 INFO "COM3runstart"
2019-11-25 16:08:43.7921 INFO "COM3run2"
2019-11-25 16:08:43.8011 INFO "COM3run3"
2019-11-25 16:08:43.8011 INFO "COM3run4"
2019-11-25 16:08:43.8011 INFO "COM3run5"
2019-11-25 16:08:43.8140 INFO "COM3TaskRunstart"
2019-11-25 16:08:44.1940 INFO {"Type":null,"PortName":"COM3","Sn":"","Token":"XZGf6QMEMkfspKGp","Message":"固件指纹匹配成功","Result":true}
2019-11-25 16:08:44.2698 INFO {"Type":null,"PortName":"COM3","Sn":"","Token":"XZGf6QMEMkfspKGp","Message":"获取Mac成功086bd7fffed04f01","Result":true}
2019-11-25 16:08:44.6019 INFO {"Type":null,"PortName":"COM3","Sn":"","Token":"XZGf6QMEMkfspKGp","Message":"读取Pid成功","Result":true}
2019-11-25 16:08:45.6152 INFO {"Type":null,"PortName":"COM3","Sn":"","Token":"XZGf6QMEMkfspKGp","Message":"读取Auzkey成功","Result":true}
2019-11-25 16:08:53.9769 INFO {"Type":null,"PortName":"COM3","Sn":"","Token":"XZGf6QMEMkfspKGp","Message":"云端校验失败","Result":false}
2019-11-25 16:09:17.4651 INFO "COM3runstart"
2019-11-25 16:09:17.4651 INFO "COM3run2"
2019-11-25 16:09:17.4750 INFO "COM3run3"
2019-11-25 16:09:17.4750 INFO "COM3run4"
2019-11-25 16:09:17.4870 INFO "COM3run5"
2019-11-25 16:09:17.4870 INFO "COM3TaskRunstart"
2019-11-25 16:09:17.9847 INFO {"Type":null,"PortName":"COM3","Sn":"","Token":"XZGf6QMEMkfspKGp","Message":"固件指纹匹配成功","Result":true}
2019-11-25 16:09:18.0585 INFO {"Type":null,"PortName":"COM3","Sn":"","Token":"XZGf6QMEMkfspKGp","Message":"获取Mac成功086bd7fffed04f01","Result":true}
2019-11-25 16:09:18.3926 INFO {"Type":null,"PortName":"COM3","Sn":"","Token":"XZGf6QMEMkfspKGp","Message":"读取Pid成功","Result":true}
2019-11-25 16:09:19.4208 INFO {"Type":null,"PortName":"COM3","Sn":"","Token":"XZGf6QMEMkfspKGp","Message":"读取Auzkey成功","Result":true}
2019-11-25 16:11:59.1052 INFO {"Type":null,"PortName":"COM3","Sn":"","Token":"XZGf6QMEMkfspKGp","Message":"云端校验失败","Result":false}
