2019-12-06 09:37:51.0078 INFO "COM42runstart"
2019-12-06 09:37:51.0188 INFO "COM42run2"
2019-12-06 09:37:51.0267 INFO "COM42run3"
2019-12-06 09:37:51.0716 INFO "COM42run4"
2019-12-06 09:37:51.0776 INFO "COM42run5"
2019-12-06 09:37:51.0776 INFO "COM42runend"
2019-12-06 09:37:51.6382 INFO "COM42run进入SerilaChange"
2019-12-06 09:37:51.6382 INFO "COM42runSerilaChange:dsr 1"
2019-12-06 09:37:51.6382 INFO "COM42TaskRunstart"
2019-12-06 09:38:02.9115 INFO {"Type":null,"PortName":"COM42","Sn":"","Token":"DkDZYKKhB9a7vmTA","Message":"进入产测模式失败,发送信息固件无返回","Result":false}
2019-12-06 09:38:07.2108 INFO "COM42run进入SerilaChange"
2019-12-06 09:38:07.2128 INFO "COM42runSerilaChange:dsr 0"
2019-12-06 09:38:07.5339 INFO "COM42run进入SerilaChange"
2019-12-06 09:38:07.5339 INFO "COM42runSerilaChange:dsr 1"
2019-12-06 09:38:07.5339 INFO "COM42TaskRunstart"
2019-12-06 09:38:16.3824 INFO {"Type":null,"PortName":"COM42","Sn":"","Token":"DkDZYKKhB9a7vmTA","Message":"进入产测模式失败,发送信息固件无返回","Result":false}
2019-12-06 09:38:56.7638 INFO "COM42run进入SerilaChange"
2019-12-06 09:38:56.7638 INFO "COM42runSerilaChange:dsr 0"
2019-12-06 09:38:57.3288 INFO "COM42run进入SerilaChange"
2019-12-06 09:38:57.3288 INFO "COM42runSerilaChange:dsr 1"
2019-12-06 09:38:57.3288 INFO "COM42TaskRunstart"
2019-12-06 09:39:06.1429 INFO {"Type":null,"PortName":"COM42","Sn":"","Token":"DkDZYKKhB9a7vmTA","Message":"进入产测模式失败,发送信息固件无返回","Result":false}
2019-12-06 09:39:16.7299 INFO "COM42run进入SerilaChange"
2019-12-06 09:39:16.7299 INFO "COM42runSerilaChange:dsr 0"
2019-12-06 09:39:56.5958 INFO "COM42run进入SerilaChange"
2019-12-06 09:39:56.5958 INFO "COM42runSerilaChange:dsr 1"
2019-12-06 09:39:56.5958 INFO "COM42TaskRunstart"
2019-12-06 09:39:57.3738 INFO {"Type":null,"PortName":"COM42","Sn":"","Token":"DkDZYKKhB9a7vmTA","Message":"进入产测模式","Result":true}
2019-12-06 09:39:57.8037 INFO {"Type":null,"PortName":"COM42","Sn":"","Token":"DkDZYKKhB9a7vmTA","Message":"Flash对比成功","Result":true}
2019-12-06 09:40:29.2924 INFO {"Type":null,"PortName":"COM42","Sn":"","Token":"DkDZYKKhB9a7vmTA","Message":"复位成功","Result":true}
2019-12-06 09:40:48.9043 INFO "COM42run进入SerilaChange"
2019-12-06 09:40:48.9043 INFO "COM42runSerilaChange:dsr 0"
2019-12-06 09:40:49.7910 INFO "COM42run进入SerilaChange"
2019-12-06 09:40:49.7910 INFO "COM42runSerilaChange:dsr 1"
2019-12-06 09:40:49.8117 INFO "COM42TaskRunstart"
2019-12-06 09:40:50.1847 INFO {"Type":null,"PortName":"COM42","Sn":"","Token":"DkDZYKKhB9a7vmTA","Message":"进入产测模式","Result":true}
2019-12-06 09:40:50.3735 INFO {"Type":null,"PortName":"COM42","Sn":"","Token":"DkDZYKKhB9a7vmTA","Message":"Flash对比成功","Result":true}
2019-12-06 09:41:31.0647 INFO {"Type":null,"PortName":"COM42","Sn":"","Token":"DkDZYKKhB9a7vmTA","Message":"复位成功","Result":true}
2019-12-06 09:44:06.2734 INFO "COM42run进入SerilaChange"
2019-12-06 09:44:06.2761 INFO "COM42runSerilaChange:dsr 0"
2019-12-06 09:44:06.5941 INFO "COM42run进入SerilaChange"
2019-12-06 09:44:06.5941 INFO "COM42runSerilaChange:dsr 1"
2019-12-06 09:44:06.5941 INFO "COM42TaskRunstart"
2019-12-06 09:44:07.5066 INFO "COM42run进入SerilaChange"
2019-12-06 09:44:07.5066 INFO "COM42runSerilaChange:dsr 0"
2019-12-06 09:44:13.0645 INFO "COM42run进入SerilaChange"
2019-12-06 09:44:13.0645 INFO "COM42runSerilaChange:dsr 1"
2019-12-06 09:44:13.0645 INFO "COM42TaskRunstart"
2019-12-06 09:44:13.4138 INFO {"Type":null,"PortName":"COM42","Sn":"PWAM03SJR00001","Token":"DkDZYKKhB9a7vmTA","Message":"进入产测模式","Result":true}
2019-12-06 09:44:13.7451 INFO {"Type":null,"PortName":"COM42","Sn":"PWAM03SJR00001","Token":"DkDZYKKhB9a7vmTA","Message":"进入产测模式","Result":true}
2019-12-06 09:44:13.9366 INFO {"Type":null,"PortName":"COM42","Sn":"PWAM03SJR00001","Token":"DkDZYKKhB9a7vmTA","Message":"Flash对比成功","Result":true}
2019-12-06 09:44:14.0264 INFO {"Type":null,"PortName":"COM42","Sn":"PWAM03SJR00001","Token":"DkDZYKKhB9a7vmTA","Message":"进入产测模式","Result":true}
2019-12-06 09:44:14.1641 INFO {"Type":null,"PortName":"COM42","Sn":"PWAM03SJR00001","Token":"DkDZYKKhB9a7vmTA","Message":"GPIO测试成功","Result":true}
2019-12-06 09:44:14.2928 INFO {"Type":null,"PortName":"COM42","Sn":"PWAM03SJR00001","Token":"DkDZYKKhB9a7vmTA","Message":"WiFi测试失败:固件返回错误","Result":false}
2019-12-06 09:44:14.5979 INFO {"Type":null,"PortName":"COM42","Sn":"PWAM03SJR00001","Token":"DkDZYKKhB9a7vmTA","Message":"工位更新成功","Result":true}
2019-12-06 09:44:35.5529 INFO "COM42run进入SerilaChange"
2019-12-06 09:44:35.5529 INFO "COM42runSerilaChange:dsr 0"
2019-12-06 09:44:36.0372 INFO "COM42run进入SerilaChange"
2019-12-06 09:44:36.0372 INFO "COM42runSerilaChange:dsr 1"
2019-12-06 09:44:36.0451 INFO "COM42TaskRunstart"
2019-12-06 09:44:40.4988 INFO "COM42run进入SerilaChange"
2019-12-06 09:44:40.4988 INFO "COM42runSerilaChange:dsr 0"
2019-12-06 09:44:43.6422 INFO "COM42run进入SerilaChange"
2019-12-06 09:44:43.6422 INFO "COM42runSerilaChange:dsr 1"
2019-12-06 09:44:43.6422 INFO "COM42TaskRunstart"
2019-12-06 09:44:44.0567 INFO {"Type":null,"PortName":"COM42","Sn":"PWAM03SJR00001","Token":"DkDZYKKhB9a7vmTA","Message":"进入产测模式","Result":true}
2019-12-06 09:44:44.3869 INFO {"Type":null,"PortName":"COM42","Sn":"PWAM03SJR00001","Token":"DkDZYKKhB9a7vmTA","Message":"进入产测模式","Result":true}
2019-12-06 09:44:44.6044 INFO {"Type":null,"PortName":"COM42","Sn":"PWAM03SJR00001","Token":"DkDZYKKhB9a7vmTA","Message":"Flash对比成功","Result":true}
2019-12-06 09:44:44.7101 INFO {"Type":null,"PortName":"COM42","Sn":"PWAM03SJR00001","Token":"DkDZYKKhB9a7vmTA","Message":"进入产测模式","Result":true}
2019-12-06 09:44:44.8428 INFO {"Type":null,"PortName":"COM42","Sn":"PWAM03SJR00001","Token":"DkDZYKKhB9a7vmTA","Message":"GPIO测试成功","Result":true}
2019-12-06 09:44:46.3048 INFO {"Type":null,"PortName":"COM42","Sn":"PWAM03SJR00001","Token":"DkDZYKKhB9a7vmTA","Message":"WiFi测试成功","Result":true}
2019-12-06 09:45:26.7514 INFO {"Type":null,"PortName":"COM42","Sn":"PWAM03SJR00001","Token":"DkDZYKKhB9a7vmTA","Message":"复位成功","Result":true}
2019-12-06 09:45:27.1057 INFO {"Type":null,"PortName":"COM42","Sn":"PWAM03SJR00001","Token":"DkDZYKKhB9a7vmTA","Message":"进入产测模式","Result":true}
2019-12-06 09:45:27.2177 INFO {"Type":null,"PortName":"COM42","Sn":"PWAM03SJR00001","Token":"DkDZYKKhB9a7vmTA","Message":"固件指纹匹配成功","Result":true}
2019-12-06 09:45:27.3846 INFO {"Type":null,"PortName":"COM42","Sn":"PWAM03SJR00001","Token":"DkDZYKKhB9a7vmTA","Message":"获取Mac成功:68572d1dfe8a","Result":true}
2019-12-06 09:45:27.8188 INFO {"Type":null,"PortName":"COM42","Sn":"PWAM03SJR00001","Token":"DkDZYKKhB9a7vmTA","Message":"获取key成功","Result":true}
2019-12-06 09:45:27.9727 INFO {"Type":null,"PortName":"COM42","Sn":"PWAM03SJR00001","Token":"DkDZYKKhB9a7vmTA","Message":"写入MAC成功","Result":true}
2019-12-06 09:45:28.5663 INFO {"Type":null,"PortName":"COM42","Sn":"PWAM03SJR00001","Token":"DkDZYKKhB9a7vmTA","Message":"写入配置信息成功","Result":true}
2019-12-06 09:45:28.8386 INFO {"Type":null,"PortName":"COM42","Sn":"PWAM03SJR00001","Token":"DkDZYKKhB9a7vmTA","Message":"写入国家码成功","Result":true}
2019-12-06 09:45:29.0410 INFO {"Type":null,"PortName":"COM42","Sn":"PWAM03SJR00001","Token":"DkDZYKKhB9a7vmTA","Message":"进入产测模式","Result":true}
2019-12-06 09:45:29.2886 INFO {"Type":null,"PortName":"COM42","Sn":"PWAM03SJR00001","Token":"DkDZYKKhB9a7vmTA","Message":"读取配置成功","Result":true}
2019-12-06 09:45:29.4302 INFO {"Type":null,"PortName":"COM42","Sn":"PWAM03SJR00001","Token":"DkDZYKKhB9a7vmTA","Message":"读取国家码成功","Result":true}
2019-12-06 09:45:29.6397 INFO {"Type":null,"PortName":"COM42","Sn":"PWAM03SJR00001","Token":"DkDZYKKhB9a7vmTA","Message":"获取Mac成功:68572d7a9d6f","Result":true}
2019-12-06 09:45:29.9698 INFO {"Type":null,"PortName":"COM42","Sn":"PWAM03SJR00001","Token":"DkDZYKKhB9a7vmTA","Message":"测试：{\"Gpio\":{\"success\":true},\"Rssi\":{\"success\":true,\"MinValue\":-60,\"Value\":-40},\"RfInfo\":null}","Result":true}
2019-12-06 09:45:29.9698 INFO {"Type":null,"PortName":"COM42","Sn":"PWAM03SJR00001","Token":"DkDZYKKhB9a7vmTA","Message":"日志上传成功","Result":true}
2019-12-06 09:45:30.1756 INFO {"Type":null,"PortName":"COM42","Sn":"PWAM03SJR00001","Token":"DkDZYKKhB9a7vmTA","Message":"工位更新成功","Result":true}
2019-12-06 15:02:30.0749 INFO "COM42runstart"
2019-12-06 15:02:30.0749 INFO "COM42run2"
2019-12-06 15:02:30.0928 INFO "COM42run3"
2019-12-06 15:02:30.1387 INFO "COM42run4"
2019-12-06 15:02:30.1387 INFO "COM42run5"
2019-12-06 15:02:30.1387 INFO "COM42runend"
2019-12-06 15:02:35.8790 INFO "COM42runstart"
2019-12-06 15:02:35.8790 INFO "COM42run2"
2019-12-06 15:02:35.8880 INFO "COM42run3"
2019-12-06 15:02:35.8880 INFO "COM42run4"
2019-12-06 15:02:35.8880 INFO "COM42run5"
2019-12-06 15:02:35.8880 INFO "COM42runend"
2019-12-06 15:02:50.2249 INFO "COM42runstart"
2019-12-06 15:02:50.2249 INFO "COM42run2"
2019-12-06 15:02:50.2346 INFO "COM42run3"
2019-12-06 15:02:50.2346 INFO "COM42run4"
2019-12-06 15:02:50.2496 INFO "COM42run5"
2019-12-06 15:02:50.2496 INFO "COM42runend"
2019-12-06 15:02:50.9566 INFO "COM42runstart"
2019-12-06 15:02:50.9566 INFO "COM42run2"
2019-12-06 15:02:50.9656 INFO "COM42run3"
2019-12-06 15:02:50.9656 INFO "COM42run4"
2019-12-06 15:02:50.9656 INFO "COM42run5"
2019-12-06 15:02:50.9656 INFO "COM42runend"
2019-12-06 15:02:57.9742 INFO "COM42runstart"
2019-12-06 15:02:57.9742 INFO "COM42run2"
2019-12-06 15:02:57.9832 INFO "COM42run3"
2019-12-06 15:02:57.9832 INFO "COM42run4"
2019-12-06 15:02:57.9832 INFO "COM42run5"
2019-12-06 15:02:58.0001 INFO "COM42TaskRunstart"
2019-12-06 15:03:04.4919 INFO "COM42runstart"
2019-12-06 15:03:04.4937 INFO "COM42run2"
2019-12-06 15:03:04.4937 INFO "COM42run3"
2019-12-06 15:03:04.4937 INFO "COM42run4"
2019-12-06 15:03:04.5146 INFO "COM42run5"
2019-12-06 15:03:04.5146 INFO "COM42TaskRunstart"
2019-12-06 15:03:05.5878 INFO {"Type":null,"PortName":"COM42","Sn":"","Token":"C49SSjhg26Dv4dEh","Message":"进入产测模式","Result":true}
2019-12-06 15:03:05.7061 INFO {"Type":null,"PortName":"COM42","Sn":"","Token":"C49SSjhg26Dv4dEh","Message":"进入产测模式","Result":true}
2019-12-06 15:03:16.9770 INFO {"Type":null,"PortName":"COM42","Sn":"","Token":"C49SSjhg26Dv4dEh","Message":"升级中:固件无返回信息","Result":false}
2019-12-06 15:05:43.1489 INFO "COM42runstart"
2019-12-06 15:05:43.1599 INFO "COM42run2"
2019-12-06 15:05:43.1669 INFO "COM42run3"
2019-12-06 15:05:43.2127 INFO "COM42run4"
2019-12-06 15:05:43.2127 INFO "COM42run5"
2019-12-06 15:05:43.2127 INFO "COM42TaskRunstart"
2019-12-06 15:05:43.3813 INFO {"Type":null,"PortName":"COM42","Sn":"","Token":"C49SSjhg26Dv4dEh","Message":"进入产测模式","Result":true}
2019-12-06 15:05:43.4631 INFO {"Type":null,"PortName":"COM42","Sn":"","Token":"C49SSjhg26Dv4dEh","Message":"进入产测模式","Result":true}
2019-12-06 15:05:56.7966 INFO {"Type":null,"PortName":"COM42","Sn":"","Token":"C49SSjhg26Dv4dEh","Message":"复位成功","Result":true}
2019-12-06 15:06:22.7256 INFO "COM42runstart"
2019-12-06 15:06:22.7364 INFO "COM42run2"
2019-12-06 15:06:22.7364 INFO "COM42run3"
2019-12-06 15:06:22.8132 INFO "COM42run4"
2019-12-06 15:06:22.8132 INFO "COM42run5"
2019-12-06 15:06:22.8221 INFO "COM42TaskRunstart"
2019-12-06 15:06:27.9408 INFO {"Type":null,"PortName":"COM42","Sn":"","Token":"C49SSjhg26Dv4dEh","Message":"进入产测模式","Result":true}
2019-12-06 15:06:28.0196 INFO {"Type":null,"PortName":"COM42","Sn":"","Token":"C49SSjhg26Dv4dEh","Message":"进入产测模式","Result":true}
2019-12-06 15:06:39.3773 INFO {"Type":null,"PortName":"COM42","Sn":"","Token":"C49SSjhg26Dv4dEh","Message":"升级中:固件无返回信息","Result":false}
2019-12-06 15:06:44.9887 INFO "COM42runstart"
2019-12-06 15:06:44.9887 INFO "COM42run2"
2019-12-06 15:06:44.9997 INFO "COM42run3"
2019-12-06 15:06:45.9424 INFO "COM42runstart"
2019-12-06 15:06:45.9424 INFO "COM42run2"
2019-12-06 15:06:45.9521 INFO "COM42run3"
2019-12-06 15:06:46.6777 INFO "COM42runstart"
2019-12-06 15:06:46.6777 INFO "COM42run2"
2019-12-06 15:06:46.6877 INFO "COM42run3"
2019-12-06 15:06:52.0669 INFO "COM42runstart"
2019-12-06 15:06:52.0669 INFO "COM42run2"
2019-12-06 15:06:52.0798 INFO "COM42run3"
2019-12-06 15:06:52.8343 INFO "COM42runstart"
2019-12-06 15:06:52.8343 INFO "COM42run2"
2019-12-06 15:06:52.8443 INFO "COM42run3"
2019-12-06 15:06:57.8042 INFO "COM42runstart"
2019-12-06 15:06:57.8042 INFO "COM42run2"
2019-12-06 15:06:57.8142 INFO "COM42run3"
2019-12-06 15:06:58.4584 INFO "COM42runstart"
2019-12-06 15:06:58.4584 INFO "COM42run2"
2019-12-06 15:06:58.4684 INFO "COM42run3"
2019-12-06 15:06:58.8335 INFO "COM42runstart"
2019-12-06 15:06:58.8335 INFO "COM42run2"
2019-12-06 15:06:58.8434 INFO "COM42run3"
2019-12-06 15:06:59.1765 INFO "COM42runstart"
2019-12-06 15:06:59.1765 INFO "COM42run2"
2019-12-06 15:06:59.1865 INFO "COM42run3"
2019-12-06 15:06:59.5366 INFO "COM42runstart"
2019-12-06 15:06:59.5366 INFO "COM42run2"
2019-12-06 15:06:59.5455 INFO "COM42run3"
2019-12-06 15:06:59.8789 INFO "COM42runstart"
2019-12-06 15:06:59.8789 INFO "COM42run2"
2019-12-06 15:06:59.8879 INFO "COM42run3"
2019-12-06 15:07:00.4894 INFO "COM42runstart"
2019-12-06 15:07:00.4894 INFO "COM42run2"
2019-12-06 15:07:00.4984 INFO "COM42run3"
2019-12-06 15:07:01.0684 INFO "COM42runstart"
2019-12-06 15:07:01.0684 INFO "COM42run2"
2019-12-06 15:07:01.0774 INFO "COM42run3"
2019-12-06 15:07:01.4786 INFO "COM42runstart"
2019-12-06 15:07:01.4786 INFO "COM42run2"
2019-12-06 15:07:01.4786 INFO "COM42run3"
2019-12-06 15:07:01.8337 INFO "COM42runstart"
2019-12-06 15:07:01.8337 INFO "COM42run2"
2019-12-06 15:07:01.8426 INFO "COM42run3"
2019-12-06 15:07:02.1923 INFO "COM42runstart"
2019-12-06 15:07:02.1923 INFO "COM42run2"
2019-12-06 15:07:02.2012 INFO "COM42run3"
2019-12-06 15:07:02.5515 INFO "COM42runstart"
2019-12-06 15:07:02.5515 INFO "COM42run2"
2019-12-06 15:07:02.5605 INFO "COM42run3"
2019-12-06 15:07:02.9274 INFO "COM42runstart"
2019-12-06 15:07:02.9274 INFO "COM42run2"
2019-12-06 15:07:02.9364 INFO "COM42run3"
2019-12-06 15:07:03.3028 INFO "COM42runstart"
2019-12-06 15:07:03.3028 INFO "COM42run2"
2019-12-06 15:07:03.3128 INFO "COM42run3"
2019-12-06 15:07:03.6922 INFO "COM42runstart"
2019-12-06 15:07:03.6922 INFO "COM42run2"
2019-12-06 15:07:03.7012 INFO "COM42run3"
2019-12-06 15:07:04.0355 INFO "COM42runstart"
2019-12-06 15:07:04.0355 INFO "COM42run2"
2019-12-06 15:07:04.0444 INFO "COM42run3"
2019-12-06 15:07:04.4277 INFO "COM42runstart"
2019-12-06 15:07:04.4277 INFO "COM42run2"
2019-12-06 15:07:04.4367 INFO "COM42run3"
2019-12-06 15:07:04.8019 INFO "COM42runstart"
2019-12-06 15:07:04.8019 INFO "COM42run2"
2019-12-06 15:07:04.8119 INFO "COM42run3"
2019-12-06 15:07:18.5046 INFO "COM3runstart"
2019-12-06 15:07:18.5046 INFO "COM3run2"
2019-12-06 15:07:18.5136 INFO "COM3run3"
2019-12-06 15:07:18.5136 INFO "COM3run4"
2019-12-06 15:07:18.5136 INFO "COM3run5"
2019-12-06 15:07:18.5136 INFO "COM3TaskRunstart"
2019-12-06 15:07:20.6350 INFO {"Type":null,"PortName":"COM3","Sn":"","Token":"C49SSjhg26Dv4dEh","Message":"进入产测模式","Result":true}
2019-12-06 15:07:20.7337 INFO {"Type":null,"PortName":"COM3","Sn":"","Token":"C49SSjhg26Dv4dEh","Message":"进入产测模式","Result":true}
2019-12-06 15:07:32.0905 INFO {"Type":null,"PortName":"COM3","Sn":"","Token":"C49SSjhg26Dv4dEh","Message":"升级中:固件无返回信息","Result":false}
2019-12-06 15:07:35.4728 INFO "COM3runstart"
2019-12-06 15:07:35.4728 INFO "COM3run2"
2019-12-06 15:07:35.4817 INFO "COM3run3"
2019-12-06 15:07:35.4817 INFO "COM3run4"
2019-12-06 15:07:35.4817 INFO "COM3run5"
2019-12-06 15:07:35.4957 INFO "COM3TaskRunstart"
2019-12-06 15:07:44.2287 INFO {"Type":null,"PortName":"COM3","Sn":"","Token":"C49SSjhg26Dv4dEh","Message":"进入产测模式失败,发送信息固件无返回","Result":false}
2019-12-06 15:07:48.0835 INFO "COM3runstart"
2019-12-06 15:07:48.0835 INFO "COM3run2"
2019-12-06 15:07:48.0925 INFO "COM3run3"
2019-12-06 15:07:48.0925 INFO "COM3run4"
2019-12-06 15:07:48.0925 INFO "COM3run5"
2019-12-06 15:07:48.1034 INFO "COM3TaskRunstart"
2019-12-06 15:07:48.9894 INFO {"Type":null,"PortName":"COM3","Sn":"","Token":"C49SSjhg26Dv4dEh","Message":"进入产测模式","Result":true}
2019-12-06 15:07:49.0721 INFO {"Type":null,"PortName":"COM3","Sn":"","Token":"C49SSjhg26Dv4dEh","Message":"进入产测模式","Result":true}
2019-12-06 15:08:07.2259 INFO {"Type":null,"PortName":"COM3","Sn":"","Token":"C49SSjhg26Dv4dEh","Message":"复位成功","Result":true}
2019-12-06 15:08:08.7695 INFO "COM3runstart"
2019-12-06 15:08:08.7695 INFO "COM3run2"
2019-12-06 15:08:08.7785 INFO "COM3run3"
2019-12-06 15:08:08.7785 INFO "COM3run4"
2019-12-06 15:08:08.7785 INFO "COM3run5"
2019-12-06 15:08:08.7785 INFO "COM3TaskRunstart"
2019-12-06 15:08:17.6987 INFO {"Type":null,"PortName":"COM3","Sn":"","Token":"C49SSjhg26Dv4dEh","Message":"进入产测模式失败,发送信息固件无返回","Result":false}
2019-12-06 15:08:19.9896 INFO "COM3runstart"
2019-12-06 15:08:19.9896 INFO "COM3run2"
2019-12-06 15:08:19.9984 INFO "COM3run3"
2019-12-06 15:08:19.9984 INFO "COM3run4"
2019-12-06 15:08:20.0113 INFO "COM3run5"
2019-12-06 15:08:20.0113 INFO "COM3TaskRunstart"
2019-12-06 15:08:28.7636 INFO {"Type":null,"PortName":"COM3","Sn":"","Token":"C49SSjhg26Dv4dEh","Message":"进入产测模式失败,发送信息固件无返回","Result":false}
2019-12-06 15:08:31.9426 INFO "COM3runstart"
2019-12-06 15:08:31.9426 INFO "COM3run2"
2019-12-06 15:08:31.9523 INFO "COM3run3"
2019-12-06 15:08:31.9523 INFO "COM3run4"
2019-12-06 15:08:31.9523 INFO "COM3run5"
2019-12-06 15:08:31.9523 INFO "COM3TaskRunstart"
2019-12-06 15:08:40.7391 INFO {"Type":null,"PortName":"COM3","Sn":"","Token":"C49SSjhg26Dv4dEh","Message":"进入产测模式失败,发送信息固件无返回","Result":false}
2019-12-06 15:09:48.6709 INFO "COM3runstart"
2019-12-06 15:09:48.6709 INFO "COM3run2"
2019-12-06 15:09:48.6709 INFO "COM3run3"
2019-12-06 15:09:49.8968 INFO "COM3runstart"
2019-12-06 15:09:49.8968 INFO "COM3run2"
2019-12-06 15:09:49.9058 INFO "COM3run3"
2019-12-06 15:09:50.7222 INFO "COM3runstart"
2019-12-06 15:09:50.7222 INFO "COM3run2"
2019-12-06 15:09:50.7471 INFO "COM3run3"
2019-12-06 15:10:05.6932 INFO "COM3runstart"
2019-12-06 15:10:05.6932 INFO "COM3run2"
2019-12-06 15:10:05.7072 INFO "COM3run3"
2019-12-06 15:10:05.7182 INFO "COM3run4"
2019-12-06 15:10:05.7282 INFO "COM3run5"
2019-12-06 15:10:05.7282 INFO "COM3TaskRunstart"
2019-12-06 15:10:09.0305 INFO {"Type":null,"PortName":"COM3","Sn":"","Token":"C49SSjhg26Dv4dEh","Message":"进入产测模式","Result":true}
2019-12-06 15:10:09.1114 INFO {"Type":null,"PortName":"COM3","Sn":"","Token":"C49SSjhg26Dv4dEh","Message":"进入产测模式","Result":true}
2019-12-06 15:10:25.3082 INFO {"Type":null,"PortName":"COM3","Sn":"","Token":"C49SSjhg26Dv4dEh","Message":"升级中:固件无返回信息","Result":false}
2019-12-06 15:10:53.0045 INFO "COM3runstart"
2019-12-06 15:10:53.0045 INFO "COM3run2"
2019-12-06 15:10:53.0144 INFO "COM3run3"
2019-12-06 15:10:53.0144 INFO "COM3run4"
2019-12-06 15:10:53.0144 INFO "COM3run5"
2019-12-06 15:10:53.0144 INFO "COM3TaskRunstart"
2019-12-06 15:10:54.2398 INFO {"Type":null,"PortName":"COM3","Sn":"","Token":"C49SSjhg26Dv4dEh","Message":"进入产测模式","Result":true}
2019-12-06 15:10:54.3275 INFO {"Type":null,"PortName":"COM3","Sn":"","Token":"C49SSjhg26Dv4dEh","Message":"进入产测模式","Result":true}
2019-12-06 15:11:10.5113 INFO {"Type":null,"PortName":"COM3","Sn":"","Token":"C49SSjhg26Dv4dEh","Message":"升级中:固件无返回信息","Result":false}
2019-12-06 15:11:20.9424 INFO "COM3runstart"
2019-12-06 15:11:20.9424 INFO "COM3run2"
2019-12-06 15:11:20.9513 INFO "COM3run3"
2019-12-06 15:11:20.9513 INFO "COM3run4"
2019-12-06 15:11:20.9513 INFO "COM3run5"
2019-12-06 15:11:20.9513 INFO "COM3TaskRunstart"
2019-12-06 15:11:22.9537 INFO {"Type":null,"PortName":"COM3","Sn":"","Token":"C49SSjhg26Dv4dEh","Message":"进入产测模式","Result":true}
2019-12-06 15:11:23.0315 INFO {"Type":null,"PortName":"COM3","Sn":"","Token":"C49SSjhg26Dv4dEh","Message":"进入产测模式","Result":true}
2019-12-06 15:12:17.5003 INFO {"Type":null,"PortName":"COM3","Sn":"","Token":"C49SSjhg26Dv4dEh","Message":"复位成功","Result":true}
2019-12-06 15:12:21.9879 INFO "COM3runstart"
2019-12-06 15:12:21.9879 INFO "COM3run2"
2019-12-06 15:12:21.9969 INFO "COM3run3"
2019-12-06 15:12:21.9969 INFO "COM3run4"
2019-12-06 15:12:21.9969 INFO "COM3run5"
2019-12-06 15:12:22.0148 INFO "COM3TaskRunstart"
2019-12-06 15:12:23.4672 INFO {"Type":null,"PortName":"COM3","Sn":"","Token":"C49SSjhg26Dv4dEh","Message":"进入产测模式","Result":true}
2019-12-06 15:12:23.5440 INFO {"Type":null,"PortName":"COM3","Sn":"","Token":"C49SSjhg26Dv4dEh","Message":"进入产测模式","Result":true}
2019-12-06 15:13:11.7240 INFO {"Type":null,"PortName":"COM3","Sn":"","Token":"C49SSjhg26Dv4dEh","Message":"升级中:固件无返回信息","Result":false}
2019-12-06 15:19:32.9425 INFO "COM3runstart"
2019-12-06 15:19:32.9425 INFO "COM3run2"
2019-12-06 15:19:32.9515 INFO "COM3run3"
2019-12-06 15:19:32.9957 INFO "COM3run4"
2019-12-06 15:19:32.9957 INFO "COM3run5"
2019-12-06 15:19:32.9957 INFO "COM3TaskRunstart"
2019-12-06 15:19:34.4649 INFO {"Type":null,"PortName":"COM3","Sn":"","Token":"C49SSjhg26Dv4dEh","Message":"进入产测模式","Result":true}
2019-12-06 15:19:34.5447 INFO {"Type":null,"PortName":"COM3","Sn":"","Token":"C49SSjhg26Dv4dEh","Message":"进入产测模式","Result":true}
2019-12-06 15:20:22.2128 INFO {"Type":null,"PortName":"COM3","Sn":"","Token":"C49SSjhg26Dv4dEh","Message":"升级中:固件无返回信息","Result":false}
2019-12-06 15:21:02.0521 INFO "COM3runstart"
2019-12-06 15:21:02.0521 INFO "COM3run2"
2019-12-06 15:21:02.0611 INFO "COM3run3"
2019-12-06 15:21:02.0611 INFO "COM3run4"
2019-12-06 15:21:02.0611 INFO "COM3run5"
2019-12-06 15:21:02.0611 INFO "COM3TaskRunstart"
2019-12-06 15:21:03.7571 INFO {"Type":null,"PortName":"COM3","Sn":"","Token":"C49SSjhg26Dv4dEh","Message":"进入产测模式","Result":true}
2019-12-06 15:21:03.8668 INFO {"Type":null,"PortName":"COM3","Sn":"","Token":"C49SSjhg26Dv4dEh","Message":"进入产测模式","Result":true}
2019-12-06 15:21:59.5499 INFO {"Type":null,"PortName":"COM3","Sn":"","Token":"C49SSjhg26Dv4dEh","Message":"升级中:固件无返回信息","Result":false}
2019-12-06 15:22:01.7243 INFO "COM3runstart"
2019-12-06 15:22:01.7243 INFO "COM3run2"
2019-12-06 15:22:01.7342 INFO "COM3run3"
2019-12-06 15:22:01.7342 INFO "COM3run4"
2019-12-06 15:22:01.7342 INFO "COM3run5"
2019-12-06 15:22:01.7542 INFO "COM3TaskRunstart"
2019-12-06 15:22:03.4606 INFO {"Type":null,"PortName":"COM3","Sn":"","Token":"C49SSjhg26Dv4dEh","Message":"进入产测模式","Result":true}
2019-12-06 15:22:03.5434 INFO {"Type":null,"PortName":"COM3","Sn":"","Token":"C49SSjhg26Dv4dEh","Message":"进入产测模式","Result":true}
2019-12-06 15:22:51.6396 INFO {"Type":null,"PortName":"COM3","Sn":"","Token":"C49SSjhg26Dv4dEh","Message":"升级中:固件无返回信息","Result":false}
2019-12-06 15:22:54.8162 INFO "COM3runstart"
2019-12-06 15:22:54.8162 INFO "COM3run2"
2019-12-06 15:22:54.8251 INFO "COM3run3"
2019-12-06 15:22:54.8251 INFO "COM3run4"
2019-12-06 15:22:54.8251 INFO "COM3run5"
2019-12-06 15:22:54.8251 INFO "COM3TaskRunstart"
2019-12-06 15:22:56.8765 INFO {"Type":null,"PortName":"COM3","Sn":"","Token":"C49SSjhg26Dv4dEh","Message":"进入产测模式","Result":true}
2019-12-06 15:22:56.9593 INFO {"Type":null,"PortName":"COM3","Sn":"","Token":"C49SSjhg26Dv4dEh","Message":"进入产测模式","Result":true}
2019-12-06 15:23:46.9476 INFO {"Type":null,"PortName":"COM3","Sn":"","Token":"C49SSjhg26Dv4dEh","Message":"复位成功","Result":true}
2019-12-06 15:23:54.0370 INFO "COM3runstart"
2019-12-06 15:23:54.0370 INFO "COM3run2"
2019-12-06 15:23:54.0467 INFO "COM3run3"
2019-12-06 15:23:54.0467 INFO "COM3run4"
2019-12-06 15:23:54.0597 INFO "COM3run5"
2019-12-06 15:23:54.0597 INFO "COM3TaskRunstart"
2019-12-06 15:23:55.2355 INFO {"Type":null,"PortName":"COM3","Sn":"","Token":"C49SSjhg26Dv4dEh","Message":"进入产测模式","Result":true}
2019-12-06 15:23:55.3263 INFO {"Type":null,"PortName":"COM3","Sn":"","Token":"C49SSjhg26Dv4dEh","Message":"进入产测模式","Result":true}
2019-12-06 15:24:13.9700 INFO {"Type":null,"PortName":"COM3","Sn":"","Token":"C49SSjhg26Dv4dEh","Message":"复位成功","Result":true}
2019-12-06 15:24:21.3968 INFO "COM3runstart"
2019-12-06 15:24:21.3968 INFO "COM3run2"
2019-12-06 15:24:21.4066 INFO "COM3run3"
2019-12-06 15:24:21.4066 INFO "COM3run4"
2019-12-06 15:24:21.4066 INFO "COM3run5"
2019-12-06 15:24:21.4166 INFO "COM3TaskRunstart"
2019-12-06 15:24:30.3548 INFO {"Type":null,"PortName":"COM3","Sn":"","Token":"C49SSjhg26Dv4dEh","Message":"进入产测模式失败,发送信息固件无返回","Result":false}
2019-12-06 15:24:31.8660 INFO "COM3runstart"
2019-12-06 15:24:31.8660 INFO "COM3run2"
2019-12-06 15:24:31.8752 INFO "COM3run3"
2019-12-06 15:24:31.8752 INFO "COM3run4"
2019-12-06 15:24:31.8752 INFO "COM3run5"
2019-12-06 15:24:31.8859 INFO "COM3TaskRunstart"
2019-12-06 15:24:40.6940 INFO {"Type":null,"PortName":"COM3","Sn":"","Token":"C49SSjhg26Dv4dEh","Message":"进入产测模式失败,发送信息固件无返回","Result":false}
2019-12-06 15:24:49.5373 INFO "COM3runstart"
2019-12-06 15:24:49.5373 INFO "COM3run2"
2019-12-06 15:24:49.5471 INFO "COM3run3"
2019-12-06 15:24:49.5471 INFO "COM3run4"
2019-12-06 15:24:49.5590 INFO "COM3run5"
2019-12-06 15:24:49.5590 INFO "COM3TaskRunstart"
2019-12-06 15:24:50.5599 INFO {"Type":null,"PortName":"COM3","Sn":"","Token":"C49SSjhg26Dv4dEh","Message":"进入产测模式","Result":true}
2019-12-06 15:24:50.6377 INFO {"Type":null,"PortName":"COM3","Sn":"","Token":"C49SSjhg26Dv4dEh","Message":"进入产测模式","Result":true}
2019-12-06 15:25:04.8449 INFO {"Type":null,"PortName":"COM3","Sn":"","Token":"C49SSjhg26Dv4dEh","Message":"复位成功","Result":true}
2019-12-06 15:25:09.6445 INFO "COM3runstart"
2019-12-06 15:25:09.6445 INFO "COM3run2"
2019-12-06 15:25:09.6545 INFO "COM3run3"
2019-12-06 15:25:09.6545 INFO "COM3run4"
2019-12-06 15:25:09.6545 INFO "COM3run5"
2019-12-06 15:25:09.6545 INFO "COM3TaskRunstart"
2019-12-06 15:25:10.8224 INFO {"Type":null,"PortName":"COM3","Sn":"","Token":"C49SSjhg26Dv4dEh","Message":"进入产测模式","Result":true}
2019-12-06 15:25:10.9012 INFO {"Type":null,"PortName":"COM3","Sn":"","Token":"C49SSjhg26Dv4dEh","Message":"进入产测模式","Result":true}
2019-12-06 15:25:22.4182 INFO {"Type":null,"PortName":"COM3","Sn":"","Token":"C49SSjhg26Dv4dEh","Message":"升级中:固件无返回信息","Result":false}
2019-12-06 15:25:36.0833 INFO "COM3runstart"
2019-12-06 15:25:36.0833 INFO "COM3run2"
2019-12-06 15:25:36.0923 INFO "COM3run3"
2019-12-06 15:25:36.0923 INFO "COM3run4"
2019-12-06 15:25:36.1042 INFO "COM3run5"
2019-12-06 15:25:36.1042 INFO "COM3TaskRunstart"
2019-12-06 15:25:39.9888 INFO {"Type":null,"PortName":"COM3","Sn":"","Token":"C49SSjhg26Dv4dEh","Message":"进入产测模式","Result":true}
2019-12-06 15:25:40.0985 INFO {"Type":null,"PortName":"COM3","Sn":"","Token":"C49SSjhg26Dv4dEh","Message":"进入产测模式","Result":true}
2019-12-06 15:26:04.2316 INFO {"Type":null,"PortName":"COM3","Sn":"","Token":"C49SSjhg26Dv4dEh","Message":"复位成功","Result":true}
2019-12-06 15:27:50.1142 INFO "COM3runstart"
2019-12-06 15:27:50.1142 INFO "COM3run2"
2019-12-06 15:27:50.1232 INFO "COM3run3"
2019-12-06 15:27:50.1232 INFO "COM3run4"
2019-12-06 15:27:50.1232 INFO "COM3run5"
2019-12-06 15:27:50.1232 INFO "COM3TaskRunstart"
2019-12-06 15:27:52.9609 INFO {"Type":null,"PortName":"COM3","Sn":"","Token":"C49SSjhg26Dv4dEh","Message":"进入产测模式","Result":true}
2019-12-06 15:27:53.0457 INFO {"Type":null,"PortName":"COM3","Sn":"","Token":"C49SSjhg26Dv4dEh","Message":"进入产测模式","Result":true}
2019-12-06 15:28:16.0010 INFO {"Type":null,"PortName":"COM3","Sn":"","Token":"C49SSjhg26Dv4dEh","Message":"复位成功","Result":true}
2019-12-06 15:28:32.7558 INFO "COM3runstart"
2019-12-06 15:28:32.7558 INFO "COM3run2"
2019-12-06 15:28:32.7655 INFO "COM3run3"
2019-12-06 15:28:32.7655 INFO "COM3run4"
2019-12-06 15:28:32.7994 INFO "COM3run5"
2019-12-06 15:28:32.7994 INFO "COM3TaskRunstart"
2019-12-06 15:28:34.0246 INFO {"Type":null,"PortName":"COM3","Sn":"","Token":"C49SSjhg26Dv4dEh","Message":"进入产测模式","Result":true}
2019-12-06 15:28:34.1074 INFO {"Type":null,"PortName":"COM3","Sn":"","Token":"C49SSjhg26Dv4dEh","Message":"进入产测模式","Result":true}
2019-12-06 15:28:53.1791 INFO {"Type":null,"PortName":"COM3","Sn":"","Token":"C49SSjhg26Dv4dEh","Message":"复位成功","Result":true}
2019-12-06 15:28:58.5192 INFO "COM3runstart"
2019-12-06 15:28:58.5192 INFO "COM3run2"
2019-12-06 15:28:58.5282 INFO "COM3run3"
2019-12-06 15:28:58.5282 INFO "COM3run4"
2019-12-06 15:28:58.5282 INFO "COM3run5"
2019-12-06 15:28:58.5282 INFO "COM3TaskRunstart"
2019-12-06 15:28:58.6349 INFO {"Type":null,"PortName":"COM3","Sn":"","Token":"C49SSjhg26Dv4dEh","Message":"进入产测模式","Result":true}
2019-12-06 15:28:58.7189 INFO {"Type":null,"PortName":"COM3","Sn":"","Token":"C49SSjhg26Dv4dEh","Message":"进入产测模式","Result":true}
2019-12-06 15:29:15.1603 INFO {"Type":null,"PortName":"COM3","Sn":"","Token":"C49SSjhg26Dv4dEh","Message":"发送开始升级:固件无返回信息","Result":false}
2019-12-06 15:29:19.6916 INFO "COM3runstart"
2019-12-06 15:29:19.6916 INFO "COM3run2"
2019-12-06 15:29:19.7006 INFO "COM3run3"
2019-12-06 15:29:19.7006 INFO "COM3run4"
2019-12-06 15:29:19.7006 INFO "COM3run5"
2019-12-06 15:29:19.7125 INFO "COM3TaskRunstart"
2019-12-06 15:29:21.9236 INFO {"Type":null,"PortName":"COM3","Sn":"","Token":"C49SSjhg26Dv4dEh","Message":"进入产测模式","Result":true}
2019-12-06 15:29:22.0034 INFO {"Type":null,"PortName":"COM3","Sn":"","Token":"C49SSjhg26Dv4dEh","Message":"进入产测模式","Result":true}
2019-12-06 15:29:34.3613 INFO {"Type":null,"PortName":"COM3","Sn":"","Token":"C49SSjhg26Dv4dEh","Message":"升级中:固件无返回信息","Result":false}
